<?xml version="1.0" encoding="UTF-8"?>
<!-- Generated by org.testng.reporters.JUnitReportReporter -->
<testsuite hostname="wl2s-245-21.unil.ch" name="ch.unil.doplab.unit.ReadTextFileTest" tests="4" failures="0" timestamp="17 Oct 2019 12:45:02 GMT" time="0.524" errors="0">
  <testcase name="expectingCorrectValue" time="0.000" classname="ch.unil.doplab.unit.ReadTextFileTest"/>
  <testcase name="exceptionTest" time="0.001" classname="ch.unil.doplab.unit.ReadTextFileTest"/>
  <testcase name="expectingWrongValue" time="0.001" classname="ch.unil.doplab.unit.ReadTextFileTest"/>
  <testcase name="timeOutTest" time="0.522" classname="ch.unil.doplab.unit.ReadTextFileTest"/>
</testsuite> <!-- ch.unil.doplab.unit.ReadTextFileTest -->
