<?xml version="1.0" encoding="UTF-8"?>
<!-- Generated by org.testng.reporters.JUnitReportReporter -->
<testsuite hostname="wl2s-245-21.unil.ch" name="ch.unil.doplab.unit.CaesarNGTest" tests="4" failures="0" timestamp="17 Oct 2019 12:45:02 GMT" time="0.023" errors="0">
  <testcase name="testDecodingWith_26" time="0.011" classname="ch.unil.doplab.unit.CaesarNGTest"/>
  <testcase name="testEncodingWith_7" time="0.005" classname="ch.unil.doplab.unit.CaesarNGTest"/>
  <testcase name="testEncodingWitch_26" time="0.001" classname="ch.unil.doplab.unit.CaesarNGTest"/>
  <testcase name="testDecodingWith_7" time="0.006" classname="ch.unil.doplab.unit.CaesarNGTest"/>
</testsuite> <!-- ch.unil.doplab.unit.CaesarNGTest -->
