<?xml version="1.0" encoding="UTF-8"?>
<!-- Generated by org.testng.reporters.JUnitReportReporter -->
<testsuite hostname="wallace-palace.local" name="ch.unil.doplab.CaesarNGTest" tests="4" failures="0" timestamp="11 Oct 2019 07:05:42 GMT" time="0.004" errors="0">
  <testcase name="testEncodingWitch_26" time="0.001" classname="ch.unil.doplab.CaesarNGTest"/>
  <testcase name="testDecodingWith_26" time="0.003" classname="ch.unil.doplab.CaesarNGTest"/>
  <testcase name="testDecodingWith_7" time="0.000" classname="ch.unil.doplab.CaesarNGTest"/>
  <testcase name="testEncodingWith_7" time="0.000" classname="ch.unil.doplab.CaesarNGTest"/>
</testsuite> <!-- ch.unil.doplab.CaesarNGTest -->
